0 info it worked if it ends with ok
1 verbose cli [ 'C:\\Program Files\\nodejs\\\\node.exe',
1 verbose cli   'C:\\Program Files\\nodejs\\node_modules\\npm\\bin\\npm-cli.js',
1 verbose cli   'install',
1 verbose cli   'darkroom' ]
2 info using npm@1.4.14
3 info using node@v0.10.29
4 verbose node symlink C:\Program Files\nodejs\\node.exe
5 warn package.json ionic-app@0.0.0 No description
6 warn package.json ionic-app@0.0.0 No repository field.
7 warn package.json ionic-app@0.0.0 No README data
8 verbose readDependencies using package.json deps
9 verbose cache add [ 'darkroom', null ]
10 verbose cache add name=undefined spec="darkroom" args=["darkroom",null]
11 verbose parsed url { protocol: null,
11 verbose parsed url   slashes: null,
11 verbose parsed url   auth: null,
11 verbose parsed url   host: null,
11 verbose parsed url   port: null,
11 verbose parsed url   hostname: null,
11 verbose parsed url   hash: null,
11 verbose parsed url   search: null,
11 verbose parsed url   query: null,
11 verbose parsed url   pathname: 'darkroom',
11 verbose parsed url   path: 'darkroom',
11 verbose parsed url   href: 'darkroom' }
12 silly lockFile 7a75914b-darkroom darkroom
13 verbose lock darkroom C:\Users\cs\AppData\Roaming\npm-cache\7a75914b-darkroom.lock
14 silly lockFile 7a75914b-darkroom darkroom
15 silly lockFile 7a75914b-darkroom darkroom
16 verbose addNamed [ 'darkroom', '' ]
17 verbose addNamed [ null, '*' ]
18 silly lockFile 37c68ce1-darkroom darkroom@
19 verbose lock darkroom@ C:\Users\cs\AppData\Roaming\npm-cache\37c68ce1-darkroom.lock
20 silly addNameRange { name: 'darkroom', range: '*', hasData: false }
21 verbose url raw darkroom
22 verbose url resolving [ 'https://registry.npmjs.org/', './darkroom' ]
23 verbose url resolved https://registry.npmjs.org/darkroom
24 info trying registry request attempt 1 at 22:15:46
25 http GET https://registry.npmjs.org/darkroom
26 http 404 https://registry.npmjs.org/darkroom
27 verbose headers { date: 'Tue, 15 Jul 2014 20:15:47 GMT',
27 verbose headers   server: 'CouchDB/1.5.0 (Erlang OTP/R14B04)',
27 verbose headers   'content-type': 'application/json',
27 verbose headers   'cache-control': 'max-age=0',
27 verbose headers   'content-length': '52',
27 verbose headers   'accept-ranges': 'bytes',
27 verbose headers   via: '1.1 varnish',
27 verbose headers   age: '0',
27 verbose headers   'x-served-by': 'cache-fra1227-FRA',
27 verbose headers   'x-cache': 'MISS',
27 verbose headers   'x-cache-hits': '0',
27 verbose headers   'x-timer': 'S1405455347.291181,VS0,VE111',
27 verbose headers   'keep-alive': 'timeout=10, max=50',
27 verbose headers   connection: 'Keep-Alive' }
28 silly registry.get cb [ 404,
28 silly registry.get   { date: 'Tue, 15 Jul 2014 20:15:47 GMT',
28 silly registry.get     server: 'CouchDB/1.5.0 (Erlang OTP/R14B04)',
28 silly registry.get     'content-type': 'application/json',
28 silly registry.get     'cache-control': 'max-age=0',
28 silly registry.get     'content-length': '52',
28 silly registry.get     'accept-ranges': 'bytes',
28 silly registry.get     via: '1.1 varnish',
28 silly registry.get     age: '0',
28 silly registry.get     'x-served-by': 'cache-fra1227-FRA',
28 silly registry.get     'x-cache': 'MISS',
28 silly registry.get     'x-cache-hits': '0',
28 silly registry.get     'x-timer': 'S1405455347.291181,VS0,VE111',
28 silly registry.get     'keep-alive': 'timeout=10, max=50',
28 silly registry.get     connection: 'Keep-Alive' } ]
29 silly lockFile 37c68ce1-darkroom darkroom@
30 silly lockFile 37c68ce1-darkroom darkroom@
31 error 404 404 Not Found: darkroom
31 error 404
31 error 404 'darkroom' is not in the npm registry.
31 error 404 You should bug the author to publish it
31 error 404 It was specified as a dependency of 'ionic-app'
31 error 404
31 error 404 Note that you can also install from a
31 error 404 tarball, folder, or http url, or git url.
32 error System Windows_NT 6.1.7600
33 error command "C:\\Program Files\\nodejs\\\\node.exe" "C:\\Program Files\\nodejs\\node_modules\\npm\\bin\\npm-cli.js" "install" "darkroom"
34 error cwd D:\WORKSPACE\CAMERAPPS\camera-app
35 error node -v v0.10.29
36 error npm -v 1.4.14
37 error code E404
38 verbose exit [ 1, true ]
